0 info it worked if it ends with ok
1 verbose cli [ '/Users/marcobagnasco/.nvm/versions/node/v5.7.1/bin/node',
1 verbose cli   '/Users/marcobagnasco/.nvm/versions/node/v5.7.1/bin/npm',
1 verbose cli   'run',
1 verbose cli   'protractor' ]
2 info using npm@3.6.0
3 info using node@v5.7.1
4 verbose run-script [ 'preprotractor', 'protractor', 'postprotractor' ]
5 info lifecycle angular-seed@0.0.0~preprotractor: angular-seed@0.0.0
6 silly lifecycle angular-seed@0.0.0~preprotractor: no script for preprotractor, continuing
7 info lifecycle angular-seed@0.0.0~protractor: angular-seed@0.0.0
8 verbose lifecycle angular-seed@0.0.0~protractor: unsafe-perm in lifecycle true
9 verbose lifecycle angular-seed@0.0.0~protractor: PATH: /Users/marcobagnasco/.nvm/versions/node/v5.7.1/lib/node_modules/npm/bin/node-gyp-bin:/Users/marcobagnasco/Desktop/group-projects/githubProfiles/node_modules/.bin:/Users/marcobagnasco/.nvm/versions/node/v5.7.1/bin:/Users/marcobagnasco/.rbenv/shims:/usr/bin:/bin:/usr/sbin:/sbin:/usr/local/bin
10 verbose lifecycle angular-seed@0.0.0~protractor: CWD: /Users/marcobagnasco/Desktop/group-projects/githubProfiles
11 silly lifecycle angular-seed@0.0.0~protractor: Args: [ '-c', 'protractor tests/e2e-tests/protractor.conf.js' ]
12 silly lifecycle angular-seed@0.0.0~protractor: Returned: code: 1  signal: null
13 info lifecycle angular-seed@0.0.0~protractor: Failed to exec protractor script
14 verbose stack Error: angular-seed@0.0.0 protractor: `protractor tests/e2e-tests/protractor.conf.js`
14 verbose stack Exit status 1
14 verbose stack     at EventEmitter.<anonymous> (/Users/marcobagnasco/.nvm/versions/node/v5.7.1/lib/node_modules/npm/lib/utils/lifecycle.js:232:16)
14 verbose stack     at emitTwo (events.js:100:13)
14 verbose stack     at EventEmitter.emit (events.js:185:7)
14 verbose stack     at ChildProcess.<anonymous> (/Users/marcobagnasco/.nvm/versions/node/v5.7.1/lib/node_modules/npm/lib/utils/spawn.js:24:14)
14 verbose stack     at emitTwo (events.js:100:13)
14 verbose stack     at ChildProcess.emit (events.js:185:7)
14 verbose stack     at maybeClose (internal/child_process.js:827:16)
14 verbose stack     at Process.ChildProcess._handle.onexit (internal/child_process.js:211:5)
15 verbose pkgid angular-seed@0.0.0
16 verbose cwd /Users/marcobagnasco/Desktop/group-projects/githubProfiles
17 error Darwin 15.2.0
18 error argv "/Users/marcobagnasco/.nvm/versions/node/v5.7.1/bin/node" "/Users/marcobagnasco/.nvm/versions/node/v5.7.1/bin/npm" "run" "protractor"
19 error node v5.7.1
20 error npm  v3.6.0
21 error code ELIFECYCLE
22 error angular-seed@0.0.0 protractor: `protractor tests/e2e-tests/protractor.conf.js`
22 error Exit status 1
23 error Failed at the angular-seed@0.0.0 protractor script 'protractor tests/e2e-tests/protractor.conf.js'.
23 error Make sure you have the latest version of node.js and npm installed.
23 error If you do, this is most likely a problem with the angular-seed package,
23 error not with npm itself.
23 error Tell the author that this fails on your system:
23 error     protractor tests/e2e-tests/protractor.conf.js
23 error You can get information on how to open an issue for this project with:
23 error     npm bugs angular-seed
23 error Or if that isn't available, you can get their info via:
23 error     npm owner ls angular-seed
23 error There is likely additional logging output above.
24 verbose exit [ 1, true ]
